<?xml version="1.0" encoding="utf-8" standalone="yes"?>
<Events><Event xmlns='http://schemas.microsoft.com/win/2004/08/events/event'><System><Provider Name='Application Error'/><EventID Qualifiers='0'>1000</EventID><Level>2</Level><Task>100</Task><Keywords>0x80000000000000</Keywords><TimeCreated SystemTime='2015-04-08T03:39:38.000000000Z'/><EventRecordID>5234</EventRecordID><Channel>Application</Channel><Computer>user</Computer><Security/></System><EventData><Data>UnhandleExceptionFilter.exe</Data><Data>0.0.0.0</Data><Data>5524a0bf</Data><Data>KERNELBASE.dll</Data><Data>6.1.7601.18409</Data><Data>53159a86</Data><Data>c0000091</Data><Data>0000c42d</Data><Data>9b0</Data><Data>01d071ada362bd2d</Data><Data>C:\Users\win7\Documents\Visual Studio 2013\Projects\ExceptionsProcessing\Debug\UnhandleExceptionFilter.exe</Data><Data>C:\Windows\syswow64\KERNELBASE.dll</Data><Data>e127208b-dda0-11e4-82f1-080027cf3e7b</Data></EventData><RenderingInfo Culture='ru-RU'><Message>Faulting application name: UnhandleExceptionFilter.exe, version: 0.0.0.0, time stamp: 0x5524a0bf
Faulting module name: KERNELBASE.dll, version: 6.1.7601.18409, time stamp: 0x53159a86
Exception code: 0xc0000091
Fault offset: 0x0000c42d
Faulting process id: 0x9b0
Faulting application start time: 0x01d071ada362bd2d
Faulting application path: C:\Users\win7\Documents\Visual Studio 2013\Projects\ExceptionsProcessing\Debug\UnhandleExceptionFilter.exe
Faulting module path: C:\Windows\syswow64\KERNELBASE.dll
Report Id: e127208b-dda0-11e4-82f1-080027cf3e7b</Message><Level>Error</Level><Task>Application Crashing Events</Task><Opcode>Info</Opcode><Channel></Channel><Provider></Provider><Keywords><Keyword>Classic</Keyword></Keywords></RenderingInfo></Event><Event xmlns='http://schemas.microsoft.com/win/2004/08/events/event'><System><Provider Name='MyEventProvider'/><EventID Qualifiers='0'>257</EventID><Level>4</Level><Task>1</Task><Keywords>0x80000000000000</Keywords><TimeCreated SystemTime='2015-04-08T03:39:37.000000000Z'/><EventRecordID>5233</EventRecordID><Channel>Application</Channel><Computer>user</Computer><Security/></System><EventData><Data>Unhandled exception!
exeption code : 0xc0000091, data adress: 0xcccccccc, instruction adress: 0x75a8c42d</Data></EventData><RenderingInfo Culture='ru-RU'><Message>Exclusive event happened.</Message><Level>Information</Level><Task>An overflow exception category.</Task><Opcode>Info</Opcode><Channel></Channel><Provider></Provider><Keywords><Keyword>Classic</Keyword></Keywords></RenderingInfo></Event><Event xmlns='http://schemas.microsoft.com/win/2004/08/events/event'><System><Provider Name='MyEventProvider'/><EventID Qualifiers='0'>256</EventID><Level>4</Level><Task>1</Task><Keywords>0x80000000000000</Keywords><TimeCreated SystemTime='2015-04-08T03:39:37.000000000Z'/><EventRecordID>5232</EventRecordID><Channel>Application</Channel><Computer>user</Computer><Security/></System><EventData><Data>Ready for generate FLT_OVERFLOW exception.</Data></EventData><RenderingInfo Culture='ru-RU'><Message>Ready for generate exception.</Message><Level>Information</Level><Task>An overflow exception category.</Task><Opcode>Info</Opcode><Channel></Channel><Provider></Provider><Keywords><Keyword>Classic</Keyword></Keywords></RenderingInfo></Event><Event xmlns='http://schemas.microsoft.com/win/2004/08/events/event'><System><Provider Name='Application Error'/><EventID Qualifiers='0'>1000</EventID><Level>2</Level><Task>100</Task><Keywords>0x80000000000000</Keywords><TimeCreated SystemTime='2015-04-08T03:39:30.000000000Z'/><EventRecordID>5230</EventRecordID><Channel>Application</Channel><Computer>user</Computer><Security/></System><EventData><Data>UnhandleExceptionFilter.exe</Data><Data>0.0.0.0</Data><Data>5524a0bf</Data><Data>KERNELBASE.dll</Data><Data>6.1.7601.18409</Data><Data>53159a86</Data><Data>c000008e</Data><Data>0000c42d</Data><Data>ff0</Data><Data>01d071ad9eb37e57</Data><Data>C:\Users\win7\Documents\Visual Studio 2013\Projects\ExceptionsProcessing\Debug\UnhandleExceptionFilter.exe</Data><Data>C:\Windows\syswow64\KERNELBASE.dll</Data><Data>dccb5403-dda0-11e4-82f1-080027cf3e7b</Data></EventData><RenderingInfo Culture='ru-RU'><Message>Faulting application name: UnhandleExceptionFilter.exe, version: 0.0.0.0, time stamp: 0x5524a0bf
Faulting module name: KERNELBASE.dll, version: 6.1.7601.18409, time stamp: 0x53159a86
Exception code: 0xc000008e
Fault offset: 0x0000c42d
Faulting process id: 0xff0
Faulting application start time: 0x01d071ad9eb37e57
Faulting application path: C:\Users\win7\Documents\Visual Studio 2013\Projects\ExceptionsProcessing\Debug\UnhandleExceptionFilter.exe
Faulting module path: C:\Windows\syswow64\KERNELBASE.dll
Report Id: dccb5403-dda0-11e4-82f1-080027cf3e7b</Message><Level>Error</Level><Task>Application Crashing Events</Task><Opcode>Info</Opcode><Channel></Channel><Provider></Provider><Keywords><Keyword>Classic</Keyword></Keywords></RenderingInfo></Event><Event xmlns='http://schemas.microsoft.com/win/2004/08/events/event'><System><Provider Name='MyEventProvider'/><EventID Qualifiers='0'>257</EventID><Level>4</Level><Task>1</Task><Keywords>0x80000000000000</Keywords><TimeCreated SystemTime='2015-04-08T03:39:30.000000000Z'/><EventRecordID>5229</EventRecordID><Channel>Application</Channel><Computer>user</Computer><Security/></System><EventData><Data>Unhandled exception!
exeption code : 0xc000008e, data adress: 0xcccccccc, instruction adress: 0x75a8c42d</Data></EventData><RenderingInfo Culture='ru-RU'><Message>Exclusive event happened.</Message><Level>Information</Level><Task>An overflow exception category.</Task><Opcode>Info</Opcode><Channel></Channel><Provider></Provider><Keywords><Keyword>Classic</Keyword></Keywords></RenderingInfo></Event><Event xmlns='http://schemas.microsoft.com/win/2004/08/events/event'><System><Provider Name='MyEventProvider'/><EventID Qualifiers='0'>256</EventID><Level>4</Level><Task>2</Task><Keywords>0x80000000000000</Keywords><TimeCreated SystemTime='2015-04-08T03:39:30.000000000Z'/><EventRecordID>5228</EventRecordID><Channel>Application</Channel><Computer>user</Computer><Security/></System><EventData><Data>Ready for generate DIVIDE_BY_ZERO exception.</Data></EventData><RenderingInfo Culture='ru-RU'><Message>Ready for generate exception.</Message><Level>Information</Level><Task>A division by zero exception category.</Task><Opcode>Info</Opcode><Channel></Channel><Provider></Provider><Keywords><Keyword>Classic</Keyword></Keywords></RenderingInfo></Event></Events>